\BOOKMARK [0][-]{chapter*.1}{Preface}{}% 1
\BOOKMARK [0][-]{chapter.1}{Introduction}{}% 2
\BOOKMARK [1][-]{section.1.1}{Synchronization}{chapter.1}% 3
\BOOKMARK [1][-]{section.1.2}{Execution\040model}{chapter.1}% 4
\BOOKMARK [1][-]{section.1.3}{Serialization\040with\040messages}{chapter.1}% 5
\BOOKMARK [1][-]{section.1.4}{Non-determinism}{chapter.1}% 6
\BOOKMARK [1][-]{section.1.5}{Shared\040variables}{chapter.1}% 7
\BOOKMARK [2][-]{subsection.1.5.1}{Concurrent\040writes}{section.1.5}% 8
\BOOKMARK [2][-]{subsection.1.5.2}{Concurrent\040updates}{section.1.5}% 9
\BOOKMARK [2][-]{subsection.1.5.3}{Mutual\040exclusion\040with\040messages}{section.1.5}% 10
\BOOKMARK [0][-]{chapter.2}{Semaphores}{}% 11
\BOOKMARK [1][-]{section.2.1}{Definition}{chapter.2}% 12
\BOOKMARK [1][-]{section.2.2}{Syntax}{chapter.2}% 13
\BOOKMARK [1][-]{section.2.3}{Why\040semaphores?}{chapter.2}% 14
\BOOKMARK [0][-]{chapter.3}{Basic\040synchronization\040patterns}{}% 15
\BOOKMARK [1][-]{section.3.1}{Signaling}{chapter.3}% 16
\BOOKMARK [1][-]{section.3.2}{Sync.py}{chapter.3}% 17
\BOOKMARK [1][-]{section.3.3}{Rendezvous}{chapter.3}% 18
\BOOKMARK [2][-]{subsection.3.3.1}{Rendezvous\040hint}{section.3.3}% 19
\BOOKMARK [2][-]{subsection.3.3.2}{Rendezvous\040solution}{section.3.3}% 20
\BOOKMARK [2][-]{subsection.3.3.3}{Deadlock\040#1}{section.3.3}% 21
\BOOKMARK [1][-]{section.3.4}{Mutex}{chapter.3}% 22
\BOOKMARK [2][-]{subsection.3.4.1}{Mutual\040exclusion\040hint}{section.3.4}% 23
\BOOKMARK [2][-]{subsection.3.4.2}{Mutual\040exclusion\040solution}{section.3.4}% 24
\BOOKMARK [1][-]{section.3.5}{Multiplex}{chapter.3}% 25
\BOOKMARK [2][-]{subsection.3.5.1}{Multiplex\040solution}{section.3.5}% 26
\BOOKMARK [1][-]{section.3.6}{Barrier}{chapter.3}% 27
\BOOKMARK [2][-]{subsection.3.6.1}{Barrier\040hint}{section.3.6}% 28
\BOOKMARK [2][-]{subsection.3.6.2}{Barrier\040non-solution}{section.3.6}% 29
\BOOKMARK [2][-]{subsection.3.6.3}{Deadlock\040#2}{section.3.6}% 30
\BOOKMARK [2][-]{subsection.3.6.4}{Barrier\040solution}{section.3.6}% 31
\BOOKMARK [2][-]{subsection.3.6.5}{Deadlock\040#3}{section.3.6}% 32
\BOOKMARK [1][-]{section.3.7}{Reusable\040barrier}{chapter.3}% 33
\BOOKMARK [2][-]{subsection.3.7.1}{Reusable\040barrier\040non-solution\040#1}{section.3.7}% 34
\BOOKMARK [2][-]{subsection.3.7.2}{Reusable\040barrier\040problem\040#1}{section.3.7}% 35
\BOOKMARK [2][-]{subsection.3.7.3}{Reusable\040barrier\040non-solution\040#2}{section.3.7}% 36
\BOOKMARK [2][-]{subsection.3.7.4}{Reusable\040barrier\040hint}{section.3.7}% 37
\BOOKMARK [2][-]{subsection.3.7.5}{Reusable\040barrier\040solution}{section.3.7}% 38
\BOOKMARK [2][-]{subsection.3.7.6}{Preloaded\040turnstile}{section.3.7}% 39
\BOOKMARK [2][-]{subsection.3.7.7}{Barrier\040objects}{section.3.7}% 40
\BOOKMARK [1][-]{section.3.8}{Queue}{chapter.3}% 41
\BOOKMARK [2][-]{subsection.3.8.1}{Queue\040hint}{section.3.8}% 42
\BOOKMARK [2][-]{subsection.3.8.2}{Queue\040solution}{section.3.8}% 43
\BOOKMARK [2][-]{subsection.3.8.3}{Exclusive\040queue\040hint}{section.3.8}% 44
\BOOKMARK [2][-]{subsection.3.8.4}{Exclusive\040queue\040solution}{section.3.8}% 45
\BOOKMARK [0][-]{chapter.4}{Classical\040synchronization\040problems}{}% 46
\BOOKMARK [1][-]{section.4.1}{Producer-consumer\040problem}{chapter.4}% 47
\BOOKMARK [2][-]{subsection.4.1.1}{Producer-consumer\040hint}{section.4.1}% 48
\BOOKMARK [2][-]{subsection.4.1.2}{Producer-consumer\040solution}{section.4.1}% 49
\BOOKMARK [2][-]{subsection.4.1.3}{Deadlock\040#4}{section.4.1}% 50
\BOOKMARK [2][-]{subsection.4.1.4}{Producer-consumer\040with\040a\040finite\040buffer}{section.4.1}% 51
\BOOKMARK [2][-]{subsection.4.1.5}{Finite\040buffer\040producer-consumer\040hint}{section.4.1}% 52
\BOOKMARK [2][-]{subsection.4.1.6}{Finite\040buffer\040producer-consumer\040solution}{section.4.1}% 53
\BOOKMARK [1][-]{section.4.2}{Readers-writers\040problem}{chapter.4}% 54
\BOOKMARK [2][-]{subsection.4.2.1}{Readers-writers\040hint}{section.4.2}% 55
\BOOKMARK [2][-]{subsection.4.2.2}{Readers-writers\040solution}{section.4.2}% 56
\BOOKMARK [2][-]{subsection.4.2.3}{Starvation}{section.4.2}% 57
\BOOKMARK [2][-]{subsection.4.2.4}{No-starve\040readers-writers\040hint}{section.4.2}% 58
\BOOKMARK [2][-]{subsection.4.2.5}{No-starve\040readers-writers\040solution}{section.4.2}% 59
\BOOKMARK [2][-]{subsection.4.2.6}{Writer-priority\040readers-writers\040hint}{section.4.2}% 60
\BOOKMARK [2][-]{subsection.4.2.7}{Writer-priority\040readers-writers\040solution}{section.4.2}% 61
\BOOKMARK [1][-]{section.4.3}{No-starve\040mutex}{chapter.4}% 62
\BOOKMARK [2][-]{subsection.4.3.1}{No-starve\040mutex\040hint}{section.4.3}% 63
\BOOKMARK [2][-]{subsection.4.3.2}{No-starve\040mutex\040solution}{section.4.3}% 64
\BOOKMARK [1][-]{section.4.4}{Dining\040philosophers}{chapter.4}% 65
\BOOKMARK [2][-]{subsection.4.4.1}{Deadlock\040#5}{section.4.4}% 66
\BOOKMARK [2][-]{subsection.4.4.2}{Dining\040philosophers\040hint\040#1}{section.4.4}% 67
\BOOKMARK [2][-]{subsection.4.4.3}{Dining\040philosophers\040solution\040#1}{section.4.4}% 68
\BOOKMARK [2][-]{subsection.4.4.4}{Dining\040philosopher's\040solution\040#2}{section.4.4}% 69
\BOOKMARK [2][-]{subsection.4.4.5}{Tanenbaum's\040solution}{section.4.4}% 70
\BOOKMARK [2][-]{subsection.4.4.6}{Starving\040Tanenbaums}{section.4.4}% 71
\BOOKMARK [1][-]{section.4.5}{Cigarette\040smokers\040problem}{chapter.4}% 72
\BOOKMARK [2][-]{subsection.4.5.1}{Deadlock\040#6}{section.4.5}% 73
\BOOKMARK [2][-]{subsection.4.5.2}{Smokers\040problem\040hint}{section.4.5}% 74
\BOOKMARK [2][-]{subsection.4.5.3}{Smoker\040problem\040solution}{section.4.5}% 75
\BOOKMARK [2][-]{subsection.4.5.4}{Generalized\040Smokers\040Problem}{section.4.5}% 76
\BOOKMARK [2][-]{subsection.4.5.5}{Generalized\040Smokers\040Problem\040Hint}{section.4.5}% 77
\BOOKMARK [2][-]{subsection.4.5.6}{Generalized\040Smokers\040Problem\040Solution}{section.4.5}% 78
\BOOKMARK [0][-]{chapter.5}{Less\040classical\040synchronization\040problems}{}% 79
\BOOKMARK [1][-]{section.5.1}{The\040dining\040savages\040problem}{chapter.5}% 80
\BOOKMARK [2][-]{subsection.5.1.1}{Dining\040Savages\040hint}{section.5.1}% 81
\BOOKMARK [2][-]{subsection.5.1.2}{Dining\040Savages\040solution}{section.5.1}% 82
\BOOKMARK [1][-]{section.5.2}{The\040barbershop\040problem}{chapter.5}% 83
\BOOKMARK [2][-]{subsection.5.2.1}{Barbershop\040hint}{section.5.2}% 84
\BOOKMARK [2][-]{subsection.5.2.2}{Barbershop\040solution}{section.5.2}% 85
\BOOKMARK [1][-]{section.5.3}{The\040FIFO\040barbershop}{chapter.5}% 86
\BOOKMARK [2][-]{subsection.5.3.1}{FIFO\040barbershop\040hint}{section.5.3}% 87
\BOOKMARK [2][-]{subsection.5.3.2}{FIFO\040barbershop\040solution}{section.5.3}% 88
\BOOKMARK [1][-]{section.5.4}{Hilzer's\040Barbershop\040problem}{chapter.5}% 89
\BOOKMARK [2][-]{subsection.5.4.1}{Hilzer's\040barbershop\040hint}{section.5.4}% 90
\BOOKMARK [2][-]{subsection.5.4.2}{Hilzer's\040barbershop\040solution}{section.5.4}% 91
\BOOKMARK [1][-]{section.5.5}{The\040Santa\040Claus\040problem}{chapter.5}% 92
\BOOKMARK [2][-]{subsection.5.5.1}{Santa\040problem\040hint}{section.5.5}% 93
\BOOKMARK [2][-]{subsection.5.5.2}{Santa\040problem\040solution}{section.5.5}% 94
\BOOKMARK [1][-]{section.5.6}{Building\040H2O}{chapter.5}% 95
\BOOKMARK [2][-]{subsection.5.6.1}{H2O\040hint}{section.5.6}% 96
\BOOKMARK [2][-]{subsection.5.6.2}{H2O\040solution}{section.5.6}% 97
\BOOKMARK [1][-]{section.5.7}{River\040crossing\040problem}{chapter.5}% 98
\BOOKMARK [2][-]{subsection.5.7.1}{River\040crossing\040hint}{section.5.7}% 99
\BOOKMARK [2][-]{subsection.5.7.2}{River\040crossing\040solution}{section.5.7}% 100
\BOOKMARK [1][-]{section.5.8}{The\040roller\040coaster\040problem}{chapter.5}% 101
\BOOKMARK [2][-]{subsection.5.8.1}{Roller\040Coaster\040hint}{section.5.8}% 102
\BOOKMARK [2][-]{subsection.5.8.2}{Roller\040Coaster\040solution}{section.5.8}% 103
\BOOKMARK [2][-]{subsection.5.8.3}{Multi-car\040Roller\040Coaster\040problem}{section.5.8}% 104
\BOOKMARK [2][-]{subsection.5.8.4}{Multi-car\040Roller\040Coaster\040hint}{section.5.8}% 105
\BOOKMARK [2][-]{subsection.5.8.5}{Multi-car\040Roller\040Coaster\040solution}{section.5.8}% 106
\BOOKMARK [0][-]{chapter.6}{Not\040remotely\040classical\040problems}{}% 107
\BOOKMARK [1][-]{section.6.1}{The\040sushi\040bar\040problem}{chapter.6}% 108
\BOOKMARK [2][-]{subsection.6.1.1}{Sushi\040bar\040hint}{section.6.1}% 109
\BOOKMARK [2][-]{subsection.6.1.2}{Sushi\040bar\040non-solution}{section.6.1}% 110
\BOOKMARK [2][-]{subsection.6.1.3}{Sushi\040bar\040non-solution}{section.6.1}% 111
\BOOKMARK [2][-]{subsection.6.1.4}{Sushi\040bar\040solution\040#1}{section.6.1}% 112
\BOOKMARK [2][-]{subsection.6.1.5}{Sushi\040bar\040solution\040#2}{section.6.1}% 113
\BOOKMARK [1][-]{section.6.2}{The\040child\040care\040problem}{chapter.6}% 114
\BOOKMARK [2][-]{subsection.6.2.1}{Child\040care\040hint}{section.6.2}% 115
\BOOKMARK [2][-]{subsection.6.2.2}{Child\040care\040non-solution}{section.6.2}% 116
\BOOKMARK [2][-]{subsection.6.2.3}{Child\040care\040solution}{section.6.2}% 117
\BOOKMARK [2][-]{subsection.6.2.4}{Extended\040child\040care\040problem}{section.6.2}% 118
\BOOKMARK [2][-]{subsection.6.2.5}{Extended\040child\040care\040hint}{section.6.2}% 119
\BOOKMARK [2][-]{subsection.6.2.6}{Extended\040child\040care\040solution}{section.6.2}% 120
\BOOKMARK [1][-]{section.6.3}{The\040room\040party\040problem}{chapter.6}% 121
\BOOKMARK [2][-]{subsection.6.3.1}{Room\040party\040hint}{section.6.3}% 122
\BOOKMARK [2][-]{subsection.6.3.2}{Room\040party\040solution}{section.6.3}% 123
\BOOKMARK [1][-]{section.6.4}{The\040Senate\040Bus\040problem}{chapter.6}% 124
\BOOKMARK [2][-]{subsection.6.4.1}{Bus\040problem\040hint}{section.6.4}% 125
\BOOKMARK [2][-]{subsection.6.4.2}{Bus\040problem\040solution\040#1}{section.6.4}% 126
\BOOKMARK [2][-]{subsection.6.4.3}{Bus\040problem\040solution\040#2}{section.6.4}% 127
\BOOKMARK [1][-]{section.6.5}{The\040Faneuil\040Hall\040problem}{chapter.6}% 128
\BOOKMARK [2][-]{subsection.6.5.1}{Faneuil\040Hall\040Problem\040Hint}{section.6.5}% 129
\BOOKMARK [2][-]{subsection.6.5.2}{Faneuil\040Hall\040problem\040solution}{section.6.5}% 130
\BOOKMARK [2][-]{subsection.6.5.3}{Extended\040Faneuil\040Hall\040Problem\040Hint}{section.6.5}% 131
\BOOKMARK [2][-]{subsection.6.5.4}{Extended\040Faneuil\040Hall\040problem\040solution}{section.6.5}% 132
\BOOKMARK [1][-]{section.6.6}{Dining\040Hall\040problem}{chapter.6}% 133
\BOOKMARK [2][-]{subsection.6.6.1}{Dining\040Hall\040problem\040hint}{section.6.6}% 134
\BOOKMARK [2][-]{subsection.6.6.2}{Dining\040Hall\040problem\040solution}{section.6.6}% 135
\BOOKMARK [2][-]{subsection.6.6.3}{Extended\040Dining\040Hall\040problem}{section.6.6}% 136
\BOOKMARK [2][-]{subsection.6.6.4}{Extended\040Dining\040Hall\040problem\040hint}{section.6.6}% 137
\BOOKMARK [2][-]{subsection.6.6.5}{Extended\040Dining\040Hall\040problem\040solution}{section.6.6}% 138
\BOOKMARK [0][-]{chapter.7}{Not\040remotely\040classical\040problems}{}% 139
\BOOKMARK [1][-]{section.7.1}{The\040sushi\040bar\040problem}{chapter.7}% 140
\BOOKMARK [2][-]{subsection.7.1.1}{Sushi\040bar\040hint}{section.7.1}% 141
\BOOKMARK [2][-]{subsection.7.1.2}{Sushi\040bar\040non-solution}{section.7.1}% 142
\BOOKMARK [2][-]{subsection.7.1.3}{Sushi\040bar\040non-solution}{section.7.1}% 143
\BOOKMARK [2][-]{subsection.7.1.4}{Sushi\040bar\040solution\040#1}{section.7.1}% 144
\BOOKMARK [2][-]{subsection.7.1.5}{Sushi\040bar\040solution\040#2}{section.7.1}% 145
\BOOKMARK [1][-]{section.7.2}{The\040child\040care\040problem}{chapter.7}% 146
\BOOKMARK [2][-]{subsection.7.2.1}{Child\040care\040hint}{section.7.2}% 147
\BOOKMARK [2][-]{subsection.7.2.2}{Child\040care\040non-solution}{section.7.2}% 148
\BOOKMARK [2][-]{subsection.7.2.3}{Child\040care\040solution}{section.7.2}% 149
\BOOKMARK [2][-]{subsection.7.2.4}{Extended\040child\040care\040problem}{section.7.2}% 150
\BOOKMARK [2][-]{subsection.7.2.5}{Extended\040child\040care\040hint}{section.7.2}% 151
\BOOKMARK [2][-]{subsection.7.2.6}{Extended\040child\040care\040solution}{section.7.2}% 152
\BOOKMARK [1][-]{section.7.3}{The\040room\040party\040problem}{chapter.7}% 153
\BOOKMARK [2][-]{subsection.7.3.1}{Room\040party\040hint}{section.7.3}% 154
\BOOKMARK [2][-]{subsection.7.3.2}{Room\040party\040solution}{section.7.3}% 155
\BOOKMARK [1][-]{section.7.4}{The\040Senate\040Bus\040problem}{chapter.7}% 156
\BOOKMARK [2][-]{subsection.7.4.1}{Bus\040problem\040hint}{section.7.4}% 157
\BOOKMARK [2][-]{subsection.7.4.2}{Bus\040problem\040solution\040#1}{section.7.4}% 158
\BOOKMARK [2][-]{subsection.7.4.3}{Bus\040problem\040solution\040#2}{section.7.4}% 159
\BOOKMARK [1][-]{section.7.5}{The\040Faneuil\040Hall\040problem}{chapter.7}% 160
\BOOKMARK [2][-]{subsection.7.5.1}{Faneuil\040Hall\040Problem\040Hint}{section.7.5}% 161
\BOOKMARK [2][-]{subsection.7.5.2}{Faneuil\040Hall\040problem\040solution}{section.7.5}% 162
\BOOKMARK [2][-]{subsection.7.5.3}{Extended\040Faneuil\040Hall\040Problem\040Hint}{section.7.5}% 163
\BOOKMARK [2][-]{subsection.7.5.4}{Extended\040Faneuil\040Hall\040problem\040solution}{section.7.5}% 164
\BOOKMARK [1][-]{section.7.6}{Dining\040Hall\040problem}{chapter.7}% 165
\BOOKMARK [2][-]{subsection.7.6.1}{Dining\040Hall\040problem\040hint}{section.7.6}% 166
\BOOKMARK [2][-]{subsection.7.6.2}{Dining\040Hall\040problem\040solution}{section.7.6}% 167
\BOOKMARK [2][-]{subsection.7.6.3}{Extended\040Dining\040Hall\040problem}{section.7.6}% 168
\BOOKMARK [2][-]{subsection.7.6.4}{Extended\040Dining\040Hall\040problem\040hint}{section.7.6}% 169
\BOOKMARK [2][-]{subsection.7.6.5}{Extended\040Dining\040Hall\040problem\040solution}{section.7.6}% 170
\BOOKMARK [0][-]{chapter.8}{Synchronization\040in\040Python}{}% 171
\BOOKMARK [1][-]{section.8.1}{Mutex\040checker\040problem}{chapter.8}% 172
\BOOKMARK [2][-]{subsection.8.1.1}{Mutex\040checker\040hint}{section.8.1}% 173
\BOOKMARK [2][-]{subsection.8.1.2}{Mutex\040checker\040solution}{section.8.1}% 174
\BOOKMARK [1][-]{section.8.2}{The\040coke\040machine\040problem}{chapter.8}% 175
\BOOKMARK [2][-]{subsection.8.2.1}{Coke\040machine\040hint}{section.8.2}% 176
\BOOKMARK [2][-]{subsection.8.2.2}{Coke\040machine\040solution}{section.8.2}% 177
\BOOKMARK [0][-]{chapter.9}{Synchronization\040in\040C}{}% 178
\BOOKMARK [1][-]{section.9.1}{Mutual\040exclusion}{chapter.9}% 179
\BOOKMARK [2][-]{subsection.9.1.1}{Parent\040code}{section.9.1}% 180
\BOOKMARK [2][-]{subsection.9.1.2}{Child\040code}{section.9.1}% 181
\BOOKMARK [2][-]{subsection.9.1.3}{Synchronization\040errors}{section.9.1}% 182
\BOOKMARK [2][-]{subsection.9.1.4}{Mutual\040exclusion\040hint}{section.9.1}% 183
\BOOKMARK [2][-]{subsection.9.1.5}{Mutual\040exclusion\040solution}{section.9.1}% 184
\BOOKMARK [1][-]{section.9.2}{Make\040your\040own\040semaphores}{chapter.9}% 185
\BOOKMARK [2][-]{subsection.9.2.1}{Semaphore\040implementation\040hint}{section.9.2}% 186
\BOOKMARK [2][-]{subsection.9.2.2}{Semaphore\040implementation}{section.9.2}% 187
\BOOKMARK [2][-]{subsection.9.2.3}{Semaphore\040implementation\040detail}{section.9.2}% 188
\BOOKMARK [0][-]{appendix.A}{Cleaning\040up\040Python\040threads}{}% 189
\BOOKMARK [1][-]{section.A.1}{Semaphore\040methods}{appendix.A}% 190
\BOOKMARK [1][-]{section.A.2}{Creating\040threads}{appendix.A}% 191
\BOOKMARK [1][-]{section.A.3}{Handling\040keyboard\040interrupts}{appendix.A}% 192
\BOOKMARK [0][-]{appendix.B}{Cleaning\040up\040POSIX\040threads}{}% 193
\BOOKMARK [1][-]{section.B.1}{Compiling\040Pthread\040code}{appendix.B}% 194
\BOOKMARK [1][-]{section.B.2}{Creating\040threads}{appendix.B}% 195
\BOOKMARK [1][-]{section.B.3}{Joining\040threads}{appendix.B}% 196
\BOOKMARK [1][-]{section.B.4}{Semaphores}{appendix.B}% 197
