This is XeTeX, Version 3.14159265-2.6-0.99999 (TeX Live 2019/dev/Debian) (preloaded format=xelatex 2019.4.27)  3 JUN 2019 22:53
entering extended mode
 restricted \write18 enabled.
 %&-line parsing enabled.
**book.tex
(./book.tex
LaTeX2e <2018-12-01>
(/usr/share/texlive/texmf-dist/tex/latex/base/book.cls
Document Class: book 2018/09/03 v1.4i Standard LaTeX document class
(/usr/share/texlive/texmf-dist/tex/latex/base/bk10.clo
File: bk10.clo 2018/09/03 v1.4i Standard LaTeX file (size option)
)
\c@part=\count80
\c@chapter=\count81
\c@section=\count82
\c@subsection=\count83
\c@subsubsection=\count84
\c@paragraph=\count85
\c@subparagraph=\count86
\c@figure=\count87
\c@table=\count88
\abovecaptionskip=\skip41
\belowcaptionskip=\skip42
\bibindent=\dimen102
)
(/usr/share/texlive/texmf-dist/tex/latex/url/url.sty
\Urlmuskip=\muskip10
Package: url 2013/09/16  ver 3.4  Verb mode for urls, etc.
)
(/usr/share/texlive/texmf-dist/tex/latex/graphics/color.sty
Package: color 2016/07/10 v1.1e Standard LaTeX Color (DPC)

(/usr/share/texlive/texmf-dist/tex/latex/graphics-cfg/color.cfg
File: color.cfg 2016/01/02 v1.6 sample color configuration
)
Package color Info: Driver file: xetex.def on input line 147.

(/usr/share/texlive/texmf-dist/tex/latex/graphics-def/xetex.def
File: xetex.def 2017/06/24 v5.0h Graphics/color driver for xetex
))
(/usr/share/texlive/texmf-dist/tex/latex/base/makeidx.sty
Package: makeidx 2014/09/29 v1.0m Standard LaTeX package
)
(/usr/share/texlive/texmf-dist/tex/latex/fancyhdr/fancyhdr.sty
Package: fancyhdr 2019/01/31 v3.10 Extensive control of page headers and footer
s
\f@nch@headwidth=\skip43
\f@nch@O@elh=\skip44
\f@nch@O@erh=\skip45
\f@nch@O@olh=\skip46
\f@nch@O@orh=\skip47
\f@nch@O@elf=\skip48
\f@nch@O@erf=\skip49
\f@nch@O@olf=\skip50
\f@nch@O@orf=\skip51
)
(/usr/share/texlive/texmf-dist/tex/latex/graphics/graphicx.sty
Package: graphicx 2017/06/01 v1.1a Enhanced LaTeX Graphics (DPC,SPQR)

(/usr/share/texlive/texmf-dist/tex/latex/graphics/keyval.sty
Package: keyval 2014/10/28 v1.15 key=value parser (DPC)
\KV@toks@=\toks14
)
(/usr/share/texlive/texmf-dist/tex/latex/graphics/graphics.sty
Package: graphics 2017/06/25 v1.2c Standard LaTeX Graphics (DPC,SPQR)

(/usr/share/texlive/texmf-dist/tex/latex/graphics/trig.sty
Package: trig 2016/01/03 v1.10 sin cos tan (DPC)
)
(/usr/share/texlive/texmf-dist/tex/latex/graphics-cfg/graphics.cfg
File: graphics.cfg 2016/06/04 v1.11 sample graphics configuration
)
Package graphics Info: Driver file: xetex.def on input line 99.
)
\Gin@req@height=\dimen103
\Gin@req@width=\dimen104
)
(/usr/share/texlive/texmf-dist/tex/latex/listings/listings.sty
\lst@mode=\count89
\lst@gtempboxa=\box27
\lst@token=\toks15
\lst@length=\count90
\lst@currlwidth=\dimen105
\lst@column=\count91
\lst@pos=\count92
\lst@lostspace=\dimen106
\lst@width=\dimen107
\lst@newlines=\count93
\lst@lineno=\count94
\lst@maxwidth=\dimen108

(/usr/share/texlive/texmf-dist/tex/latex/listings/lstmisc.sty
File: lstmisc.sty 2018/09/02 1.7 (Carsten Heinz)
\c@lstnumber=\count95
\lst@skipnumbers=\count96
\lst@framebox=\box28
)
(/usr/share/texlive/texmf-dist/tex/latex/listings/listings.cfg
File: listings.cfg 2018/09/02 1.7 listings configuration
))
Package: listings 2018/09/02 1.7 (Carsten Heinz)

(/usr/share/texlive/texmf-dist/tex/latex/hyperref/hyperref.sty
Package: hyperref 2018/11/30 v6.88e Hypertext links for LaTeX

(/usr/share/texlive/texmf-dist/tex/generic/oberdiek/hobsub-hyperref.sty
Package: hobsub-hyperref 2016/05/16 v1.14 Bundle oberdiek, subset hyperref (HO)


(/usr/share/texlive/texmf-dist/tex/generic/oberdiek/hobsub-generic.sty
Package: hobsub-generic 2016/05/16 v1.14 Bundle oberdiek, subset generic (HO)
Package: hobsub 2016/05/16 v1.14 Construct package bundles (HO)
Package: infwarerr 2016/05/16 v1.4 Providing info/warning/error messages (HO)
Package: ltxcmds 2016/05/16 v1.23 LaTeX kernel commands for general use (HO)
Package: ifluatex 2016/05/16 v1.4 Provides the ifluatex switch (HO)
Package ifluatex Info: LuaTeX not detected.
Package: ifvtex 2016/05/16 v1.6 Detect VTeX and its facilities (HO)
Package ifvtex Info: VTeX not detected.
Package: intcalc 2016/05/16 v1.2 Expandable calculations with integers (HO)
Package: ifpdf 2018/09/07 v3.3 Provides the ifpdf switch
Package: etexcmds 2016/05/16 v1.6 Avoid name clashes with e-TeX commands (HO)
Package: kvsetkeys 2016/05/16 v1.17 Key value parser (HO)
Package: kvdefinekeys 2016/05/16 v1.4 Define keys (HO)
Package: pdftexcmds 2018/09/10 v0.29 Utility functions of pdfTeX for LuaTeX (HO
)
Package pdftexcmds Info: LuaTeX not detected.
Package pdftexcmds Info: pdfTeX >= 1.30 not detected.
Package pdftexcmds Info: \pdf@primitive is available.
Package pdftexcmds Info: \pdf@ifprimitive is available.
Package pdftexcmds Info: \pdfdraftmode not found.
Package: pdfescape 2016/05/16 v1.14 Implements pdfTeX's escape features (HO)
Package: bigintcalc 2016/05/16 v1.4 Expandable calculations on big integers (HO
)
Package: bitset 2016/05/16 v1.2 Handle bit-vector datatype (HO)
Package: uniquecounter 2016/05/16 v1.3 Provide unlimited unique counter (HO)
)
Package hobsub Info: Skipping package `hobsub' (already loaded).
Package: letltxmacro 2016/05/16 v1.5 Let assignment for LaTeX macros (HO)
Package: hopatch 2016/05/16 v1.3 Wrapper for package hooks (HO)
Package: xcolor-patch 2016/05/16 xcolor patch
Package: atveryend 2016/05/16 v1.9 Hooks at the very end of document (HO)
Package atveryend Info: \enddocument detected (standard20110627).
Package: atbegshi 2016/06/09 v1.18 At begin shipout hook (HO)
Package: refcount 2016/05/16 v3.5 Data extraction from label references (HO)
Package: hycolor 2016/05/16 v1.8 Color options for hyperref/bookmark (HO)
)
(/usr/share/texlive/texmf-dist/tex/generic/ifxetex/ifxetex.sty
Package: ifxetex 2010/09/12 v0.6 Provides ifxetex conditional
)
(/usr/share/texlive/texmf-dist/tex/latex/oberdiek/auxhook.sty
Package: auxhook 2016/05/16 v1.4 Hooks for auxiliary files (HO)
)
(/usr/share/texlive/texmf-dist/tex/latex/oberdiek/kvoptions.sty
Package: kvoptions 2016/05/16 v3.12 Key value format for package options (HO)
)
\@linkdim=\dimen109
\Hy@linkcounter=\count97
\Hy@pagecounter=\count98

(/usr/share/texlive/texmf-dist/tex/latex/hyperref/pd1enc.def
File: pd1enc.def 2018/11/30 v6.88e Hyperref: PDFDocEncoding definition (HO)
)
\Hy@SavedSpaceFactor=\count99

(/usr/share/texlive/texmf-dist/tex/latex/latexconfig/hyperref.cfg
File: hyperref.cfg 2002/06/06 v1.2 hyperref configuration of TeXLive
)
Package hyperref Info: Option `colorlinks' set `true' on input line 4393.
Package hyperref Info: Hyper figures OFF on input line 4519.
Package hyperref Info: Link nesting OFF on input line 4524.
Package hyperref Info: Hyper index ON on input line 4527.
Package hyperref Info: Plain pages OFF on input line 4534.
Package hyperref Info: Backreferencing OFF on input line 4539.
Package hyperref Info: Implicit mode ON; LaTeX internals redefined.
Package hyperref Info: Bookmarks ON on input line 4772.
\c@Hy@tempcnt=\count100
LaTeX Info: Redefining \url on input line 5125.
\XeTeXLinkMargin=\dimen110
\Fld@menulength=\count101
\Field@Width=\dimen111
\Fld@charsize=\dimen112
Package hyperref Info: Hyper figures OFF on input line 6380.
Package hyperref Info: Link nesting OFF on input line 6385.
Package hyperref Info: Hyper index ON on input line 6388.
Package hyperref Info: backreferencing OFF on input line 6395.
Package hyperref Info: Link coloring ON on input line 6398.
Package hyperref Info: Link coloring with OCG OFF on input line 6405.
Package hyperref Info: PDF/A mode OFF on input line 6410.
LaTeX Info: Redefining \ref on input line 6450.
LaTeX Info: Redefining \pageref on input line 6454.
\Hy@abspage=\count102
\c@Item=\count103
\c@Hfootnote=\count104
)
Package hyperref Info: Driver (autodetected): hxetex.

(/usr/share/texlive/texmf-dist/tex/latex/hyperref/hxetex.def
File: hxetex.def 2018/11/30 v6.88e Hyperref driver for XeTeX

(/usr/share/texlive/texmf-dist/tex/latex/hyperref/puenc.def
File: puenc.def 2018/11/30 v6.88e Hyperref: PDF Unicode definition (HO)
)
(/usr/share/texlive/texmf-dist/tex/generic/oberdiek/stringenc.sty
Package: stringenc 2016/05/16 v1.11 Convert strings between diff. encodings (HO
)
)
\pdfm@box=\box29
\c@Hy@AnnotLevel=\count105
\HyField@AnnotCount=\count106
\Fld@listcount=\count107
\c@bookmark@seq@number=\count108

(/usr/share/texlive/texmf-dist/tex/latex/oberdiek/rerunfilecheck.sty
Package: rerunfilecheck 2016/05/16 v1.8 Rerun checks for auxiliary files (HO)
Package uniquecounter Info: New unique counter `rerunfilecheck' on input line 2
82.
)
\Hy@SectionHShift=\skip52
)
\@indexfile=\write3
\openout3 = `book.idx'.


Writing index file book.idx
(build/book.aux

LaTeX Warning: Label `sushi1' multiply defined.


LaTeX Warning: Label `roomparty1' multiply defined.


LaTeX Warning: Label `fanexit' multiply defined.


LaTeX Warning: Label `fanjudge' multiply defined.

)
\openout1 = `book.aux'.

LaTeX Font Info:    Checking defaults for OML/cmm/m/it on input line 40.
LaTeX Font Info:    ... okay on input line 40.
LaTeX Font Info:    Checking defaults for T1/cmr/m/n on input line 40.
LaTeX Font Info:    ... okay on input line 40.
LaTeX Font Info:    Checking defaults for OT1/cmr/m/n on input line 40.
LaTeX Font Info:    ... okay on input line 40.
LaTeX Font Info:    Checking defaults for OMS/cmsy/m/n on input line 40.
LaTeX Font Info:    ... okay on input line 40.
LaTeX Font Info:    Checking defaults for TU/lmr/m/n on input line 40.
LaTeX Font Info:    ... okay on input line 40.
LaTeX Font Info:    Checking defaults for OMX/cmex/m/n on input line 40.
LaTeX Font Info:    ... okay on input line 40.
LaTeX Font Info:    Checking defaults for U/cmr/m/n on input line 40.
LaTeX Font Info:    ... okay on input line 40.
LaTeX Font Info:    Checking defaults for PD1/pdf/m/n on input line 40.
LaTeX Font Info:    ... okay on input line 40.
LaTeX Font Info:    Checking defaults for PU/pdf/m/n on input line 40.
LaTeX Font Info:    ... okay on input line 40.
\c@lstlisting=\count109
\AtBeginShipoutBox=\box30
Package hyperref Info: Link coloring ON on input line 40.
 (/usr/share/texlive/texmf-dist/tex/latex/hyperref/nameref.sty
Package: nameref 2016/05/21 v2.44 Cross-referencing by name of section

(/usr/share/texlive/texmf-dist/tex/generic/oberdiek/gettitlestring.sty
Package: gettitlestring 2016/05/16 v1.5 Cleanup title references (HO)
)
\c@section@level=\count110
)
LaTeX Info: Redefining \ref on input line 40.
LaTeX Info: Redefining \pageref on input line 40.
LaTeX Info: Redefining \nameref on input line 40.

(build/book.out) (build/book.out)
\@outlinefile=\write4
\openout4 = `book.out'.

LaTeX Font Info:    External font `cmex10' loaded for size
(Font)              <12> on input line 42.
LaTeX Font Info:    External font `cmex10' loaded for size
(Font)              <8> on input line 42.
LaTeX Font Info:    External font `cmex10' loaded for size
(Font)              <6> on input line 42.

(/usr/share/texlive/texmf-dist/tex/generic/oberdiek/se-ascii-print.def
File: se-ascii-print.def 2016/05/16 v1.11 stringenc: Printable ASCII characters

)
[1


] (./copyrights/en.tex
LaTeX Font Info:    External font `cmex10' loaded for size
(Font)              <7> on input line 18.
LaTeX Font Info:    External font `cmex10' loaded for size
(Font)              <5> on input line 18.

Overfull \hbox (4.71782pt too wide) in paragraph at lines 15--19
\TU/lmr/m/n/10 International (CC BY-NC-SA 4.0) at [][]$[][][][] [] [] [] [][][]
[][][][][][][][][][][][] [] [][][] [] [][][][][][][][] []
 []

[2]) (./preface/en.tex [1


]
Underfull \hbox (badness 10000) in paragraph at lines 108--111

 []

[2] [3] [4] (build/book.toc [5

] [6] [7] [8])
\tf@toc=\write5
\openout5 = `book.toc'.

 [9] [10

]) (./introduction/en.tex
Chapter 1.
[1


] [2] [3

] [4] [5] [6]) (./semaphores/en.tex
Chapter 2.

Overfull \hbox (0.25201pt too wide) in paragraph at lines 43--46
[]\TU/lmr/m/n/10 In general, there is no way to know before a thread decrements
 a semaphore
 []

[7


]
Overfull \hbox (11.53893pt too wide) in paragraph at lines 73--77
[]\TU/lmr/m/n/10 In this book I will use a simple pseudo-language to demonstrat
e how semaphores
 []


Overfull \hbox (3.29002pt too wide) in paragraph at lines 81--84
\TU/lmr/m/n/10 The function \TU/lmtt/m/n/10 Semaphore \TU/lmr/m/n/10 is a const
ructor; it creates and returns a new Semaphore.
 []

[8] [9] [10

]) (./basicPatterns/en.tex
Chapter 3.
[11

] [12] [13

] [14

] [15] [16] [17

] [18

] [19] [20]
Overfull \hbox (8.902pt too wide) in paragraph at lines 345--348
\TU/lmr/m/n/10 To allow multiple threads to run in the critical section, just i
nitialize the semaphore
 []

[21

] [22] [23

] [24

] [25] [26

] [27] [28

] [29] [30

] [31] [32

] [33] [34

] [35]
[36

] [37] [38

] [39] [40

] [41] [42] [43

] [44] [45] [46

] [47] [48

] [49] [50

]
Overfull \hbox (22.75002pt too wide) in paragraph at lines 971--974
[]\TU/lmtt/m/n/10 leaderQueue \TU/lmr/m/n/10 and \TU/lmtt/m/n/10 followerQueue 
\TU/lmr/m/n/10 are the queues where dancers wait. \TU/lmtt/m/n/10 rendezvous
 []

[51] [52

]
Overfull \hbox (6.992pt too wide) in paragraph at lines 997--1003
[]\TU/lmr/m/n/10 When a leader arrives, it gets the mutex that protects \TU/lmt
t/m/n/10 leaders \TU/lmr/m/n/10 and \TU/lmtt/m/n/10 followers\TU/lmr/m/n/10 .
 []

[53] [54]) (./classicProblem/en.tex
Chapter 4.
[55


]
Overfull \hbox (0.714pt too wide) in paragraph at lines 66--69
[]\TU/lmr/m/n/10 As specified above, access to the buffer has to be exclusive, 
but \TU/lmtt/m/n/10 waitForEvent
 []

[56] [57

] [58

] [59] [60]
Overfull \hbox (4.75003pt too wide) in paragraph at lines 257--260
[]\TU/lmr/m/n/10 But we can’t. Remember that we can’t check the current value o
f a semaphore;
 []

[61

] [62

] [63] [64

] [65] [66] [67

] [68

] [69] [70] [71] [72

] [73] [74

] [75]
[76] [77

] [78

]
Overfull \hbox (8.1pt too wide) in paragraph at lines 673--684
[]\TU/lmr/m/n/10 When a writer is in the critical section it holds both \TU/lmt
t/m/n/10 noReaders \TU/lmr/m/n/10 and \TU/lmtt/m/n/10 noWriters\TU/lmr/m/n/10 .

 []

[79] [80

] [81]

LaTeX Warning: Citation `morris' on page 82 undefined on input line 816.


Overfull \hbox (15.49501pt too wide) in paragraph at lines 821--826
[]\TU/lmr/m/n/10 Puzzle: write a solution to the mutual exclusion problem using
 weak semaphores.
 []

[82] [83

] [84

] [85] [86]

LaTeX Warning: Citation `dijkstra65' on page 87 undefined on input line 970.

[87

] [88] [89

] [90

] [91] [92

]
Overfull \hbox (2.792pt too wide) in paragraph at lines 1119--1128
[]\TU/lmr/m/n/10 In addition to avoiding deadlock, this solution also guarantee
s that no philoso-
 []

[93] [94

] [95] [96

]

LaTeX Warning: Citation `tanenbaum' on page 97 undefined on input line 1183.

[97] [98]

LaTeX Warning: Citation `gingras90dining' on page 99 undefined on input line 12
61.

[99

] [100

]

LaTeX Warning: Citation `patil' on page 101 undefined on input line 1282.


LaTeX Warning: Citation `Parnas' on page 101 undefined on input line 1325.

[101] [102] [103] [104

] [105] [106

] [107] [108

] [109] [110

] [111] [112

]
[113] [114

]) (./lessClassicProblem/en.tex
Chapter 5.

LaTeX Warning: Citation `andrews' on page 115 undefined on input line 8.

[115

] [116] [117

] [118

] [119] [120

]

LaTeX Warning: Citation `silberschatz' on page 121 undefined on input line 141.


[121] [122

]
Overfull \hbox (12.97202pt too wide) in paragraph at lines 189--191
[]\TU/lmr/m/n/10 After the haircut, the customer signals \TU/lmtt/m/n/10 custom
erDone \TU/lmr/m/n/10 and waits on \TU/lmtt/m/n/10 barberDone\TU/lmr/m/n/10 . 
 []

[123] [124

] [125] [126

] [127] [128

] [129] [130

] [131] [132

]

LaTeX Warning: Citation `stallings' on page 133 undefined on input line 283.

[133] [134] [135

] [136

]

LaTeX Warning: Citation `stallings' on page 137 undefined on input line 421.

[137] [138

] [139] [140

] [141] [142]
LaTeX Font Info:    External font `cmex10' loaded for size
(Font)              <14.4> on input line 569.


Package hyperref Warning: Token not allowed in a PDF string (Unicode):
(hyperref)                removing `math shift' on input line 569.


Package hyperref Warning: Token not allowed in a PDF string (Unicode):
(hyperref)                removing `subscript' on input line 569.


Package hyperref Warning: Token not allowed in a PDF string (Unicode):
(hyperref)                removing `math shift' on input line 569.


LaTeX Warning: Citation `andrews' on page 143 undefined on input line 574.

[143] [144

]

Package hyperref Warning: Token not allowed in a PDF string (Unicode):
(hyperref)                removing `math shift' on input line 612.


Package hyperref Warning: Token not allowed in a PDF string (Unicode):
(hyperref)                removing `subscript' on input line 612.


Package hyperref Warning: Token not allowed in a PDF string (Unicode):
(hyperref)                removing `math shift' on input line 612.


Overfull \hbox (22.822pt too wide) in paragraph at lines 630--636
\TU/lmr/m/n/10 queues, so \TU/lmtt/m/n/10 oxyQueue.wait() \TU/lmr/m/n/10 means 
“join the oxygen queue” and \TU/lmtt/m/n/10 oxyQueue.signal()
 []

[145] [146

]

Package hyperref Warning: Token not allowed in a PDF string (Unicode):
(hyperref)                removing `math shift' on input line 639.


Package hyperref Warning: Token not allowed in a PDF string (Unicode):
(hyperref)                removing `subscript' on input line 639.


Package hyperref Warning: Token not allowed in a PDF string (Unicode):
(hyperref)                removing `math shift' on input line 639.


Overfull \hbox (0.86203pt too wide) in paragraph at lines 669--673
[]\TU/lmr/m/n/10 After bonding, threads wait at the barrier until all three thr
eads have bonded,
 []

[147] [148] [149

] [150

] [151] [152

]

LaTeX Warning: Citation `andrews' on page 153 undefined on input line 825.

[153] [154

] [155] [156

] [157] [158

] [159] [160

] [161] [162

] [163] [164

])
(./notSoClassicProblem/en.tex
Chapter 6.

LaTeX Warning: Citation `reek' on page 165 undefined on input line 7.

[165

] [166

] [167] [168

] [169] [170

] [171] [172

] [173] [174

] [175]

LaTeX Warning: Citation `hailperin' on page 176 undefined on input line 207.

[176] [177

] [178

] [179] [180

] [181] [182

]
Overfull \hbox (8.99202pt too wide) in paragraph at lines 318--320
[]\TU/lmr/m/n/10 Children wait on \TU/lmtt/m/n/10 childQueue \TU/lmr/m/n/10 to 
enter, if necessary. Adults wait on \TU/lmtt/m/n/10 adultQueue
 []

[183] [184

] [185] [186] [187] [188

] [189] [190

]
Overfull \hbox (3.00354pt too wide) in paragraph at lines 479--481
[][][][][][][][][][][][][][][][][][][][][][][][][][] 
 []


Overfull \hbox (3.00354pt too wide) in paragraph at lines 488--489
[][][][][][][][][][][][][][][][][][][][][][][][][][] 
 []

[191]
Overfull \hbox (33.00385pt too wide) in paragraph at lines 521--522
[][][][][][][][][][][][][][][][][][][][][][][][][] 
 []


Overfull \hbox (9.0036pt too wide) in paragraph at lines 531--532
[][][][][][][][][][][][][][][][][][][][][][][][][] 
 []


Overfull \hbox (9.0036pt too wide) in paragraph at lines 533--534
[][][][][][][][][][][][][][][][][][][][][][][][][] 
 []

[192] [193

] [194

] [195] [196

] [197] [198] [199

] [200]
Overfull \hbox (6.06801pt too wide) in paragraph at lines 736--738
[]\TU/lmr/m/n/10 Immigrants must invoke \TU/lmtt/m/n/10 enter\TU/lmr/m/n/10 , \
TU/lmtt/m/n/10 checkIn\TU/lmr/m/n/10 , \TU/lmtt/m/n/10 sitDown\TU/lmr/m/n/10 , 
\TU/lmtt/m/n/10 swear\TU/lmr/m/n/10 , \TU/lmtt/m/n/10 getCertificate
 []


Overfull \hbox (2.89001pt too wide) in paragraph at lines 749--751
[]\TU/lmr/m/n/10 Immigrants can not \TU/lmtt/m/n/10 getCertificate \TU/lmr/m/n/
10 until the judge has executed \TU/lmtt/m/n/10 confirm\TU/lmr/m/n/10 . 
 []

[201

] [202

] [203] [204

]
Overfull \hbox (3.00354pt too wide) in paragraph at lines 790--791
[][][][][][][][][][][][][][][][][][][][][] 
 []


Overfull \hbox (1.97202pt too wide) in paragraph at lines 808--812
[]\TU/lmr/m/n/10 After entering, immigrants have to get \TU/lmtt/m/n/10 mutex \
TU/lmr/m/n/10 to check in and update \TU/lmtt/m/n/10 checked\TU/lmr/m/n/10 .
 []


Overfull \hbox (27.00378pt too wide) in paragraph at lines 824--826
[][][][][][][][][][][][][][][][][][][][][][][][] 
 []

[205]
Overfull \hbox (22.172pt too wide) in paragraph at lines 852--855
[]\TU/lmr/m/n/10 After the judge signals \TU/lmtt/m/n/10 confirmed\TU/lmr/m/n/1
0 , immigrants invoke \TU/lmtt/m/n/10 swear \TU/lmr/m/n/10 and \TU/lmtt/m/n/10 
getCertificate
 []

[206] [207

] [208

]
Overfull \hbox (3.00354pt too wide) in paragraph at lines 914--915
[][][][][][][][][][][][][][][][][][][][][] 
 []

[209]
Overfull \hbox (27.00378pt too wide) in paragraph at lines 956--958
[][][][][][][][][][][][][][][][][][][][][][][][] 
 []

[210] [211

] [212

] [213] [214

] [215] [216]
Overfull \hbox (0.224pt too wide) in paragraph at lines 1118--1120
[]\TU/lmtt/m/n/10 readyToEat\TU/lmr/m/n/10 , \TU/lmtt/m/n/10 eating \TU/lmr/m/n
/10 and \TU/lmtt/m/n/10 readyToLeave \TU/lmr/m/n/10 are counters, all protected
 by \TU/lmtt/m/n/10 mutex\TU/lmr/m/n/10 . 
 []

[217

] [218

] [219]) (./notRemotely/en.tex [220]
Chapter 7.

LaTeX Warning: Citation `reek' on page 221 undefined on input line 7.

[221

] [222

] [223] [224

] [225] [226

] [227] [228

] [229] [230

] [231]

LaTeX Warning: Citation `hailperin' on page 232 undefined on input line 207.

[232] [233

] [234

] [235] [236

] [237] [238

]
Overfull \hbox (8.99202pt too wide) in paragraph at lines 318--320
[]\TU/lmr/m/n/10 Children wait on \TU/lmtt/m/n/10 childQueue \TU/lmr/m/n/10 to 
enter, if necessary. Adults wait on \TU/lmtt/m/n/10 adultQueue
 []

[239] [240

] [241] [242] [243] [244

] [245] [246

]
Overfull \hbox (3.00354pt too wide) in paragraph at lines 479--481
[][][][][][][][][][][][][][][][][][][][][][][][][][] 
 []


Overfull \hbox (3.00354pt too wide) in paragraph at lines 488--489
[][][][][][][][][][][][][][][][][][][][][][][][][][] 
 []

[247]
Overfull \hbox (33.00385pt too wide) in paragraph at lines 521--522
[][][][][][][][][][][][][][][][][][][][][][][][][] 
 []


Overfull \hbox (9.0036pt too wide) in paragraph at lines 531--532
[][][][][][][][][][][][][][][][][][][][][][][][][] 
 []


Overfull \hbox (9.0036pt too wide) in paragraph at lines 533--534
[][][][][][][][][][][][][][][][][][][][][][][][][] 
 []

[248] [249

] [250

] [251] [252

] [253] [254] [255

] [256]
Overfull \hbox (6.06801pt too wide) in paragraph at lines 736--738
[]\TU/lmr/m/n/10 Immigrants must invoke \TU/lmtt/m/n/10 enter\TU/lmr/m/n/10 , \
TU/lmtt/m/n/10 checkIn\TU/lmr/m/n/10 , \TU/lmtt/m/n/10 sitDown\TU/lmr/m/n/10 , 
\TU/lmtt/m/n/10 swear\TU/lmr/m/n/10 , \TU/lmtt/m/n/10 getCertificate
 []


Overfull \hbox (2.89001pt too wide) in paragraph at lines 749--751
[]\TU/lmr/m/n/10 Immigrants can not \TU/lmtt/m/n/10 getCertificate \TU/lmr/m/n/
10 until the judge has executed \TU/lmtt/m/n/10 confirm\TU/lmr/m/n/10 . 
 []

[257

] [258

] [259] [260

]
Overfull \hbox (3.00354pt too wide) in paragraph at lines 790--791
[][][][][][][][][][][][][][][][][][][][][] 
 []


Overfull \hbox (1.97202pt too wide) in paragraph at lines 808--812
[]\TU/lmr/m/n/10 After entering, immigrants have to get \TU/lmtt/m/n/10 mutex \
TU/lmr/m/n/10 to check in and update \TU/lmtt/m/n/10 checked\TU/lmr/m/n/10 .
 []


Overfull \hbox (27.00378pt too wide) in paragraph at lines 824--826
[][][][][][][][][][][][][][][][][][][][][][][][] 
 []

[261]
Overfull \hbox (22.172pt too wide) in paragraph at lines 852--855
[]\TU/lmr/m/n/10 After the judge signals \TU/lmtt/m/n/10 confirmed\TU/lmr/m/n/1
0 , immigrants invoke \TU/lmtt/m/n/10 swear \TU/lmr/m/n/10 and \TU/lmtt/m/n/10 
getCertificate
 []

[262] [263

] [264

]
Overfull \hbox (3.00354pt too wide) in paragraph at lines 914--915
[][][][][][][][][][][][][][][][][][][][][] 
 []

[265]
Overfull \hbox (27.00378pt too wide) in paragraph at lines 956--958
[][][][][][][][][][][][][][][][][][][][][][][][] 
 []

[266] [267

] [268

] [269] [270

] [271] [272]
Overfull \hbox (0.224pt too wide) in paragraph at lines 1118--1120
[]\TU/lmtt/m/n/10 readyToEat\TU/lmr/m/n/10 , \TU/lmtt/m/n/10 eating \TU/lmr/m/n
/10 and \TU/lmtt/m/n/10 readyToLeave \TU/lmr/m/n/10 are counters, all protected
 by \TU/lmtt/m/n/10 mutex\TU/lmr/m/n/10 . 
 []

[273

] [274

] [275] [276]
Chapter 8.
[277

] [278] [279] [280] [281

] [282

] [283] [284

] [285]
Overfull \hbox (6.38pt too wide) in paragraph at lines 1476--1478
[]\TU/lmr/m/n/10 You can download the program from [][]$[][][][][][][][][][][][
][] [] [][][] [] [][][][][][][][][][] [] [][][][] []
 []

[286] [287

] [288

] [289] [290

]
Chapter 9.

Overfull \hbox (9.0036pt too wide) in paragraph at lines 1566--1567
[][][][][][][][][][][][][][][][][][][][][][][][] 
 []

[291] [292]
Overfull \hbox (27.01001pt too wide) in paragraph at lines 1650--1652
[]\TU/lmr/m/n/10 You can download this program (including the cleanup code) fro
m [][]$[][][][][][][][][][][][][] []
 []

[293] [294]
Overfull \hbox (9.0036pt too wide) in paragraph at lines 1708--1709
[][][][][][][][][][][][][][][][][][][][][][][][] 
 []

[295

] [296

]
Overfull \hbox (22.19pt too wide) in paragraph at lines 1747--1749
[]\TU/lmr/m/n/10 You can download this solution from [][]$[][][][][][][][][][][
][][] [] [][][] [] [][][][][][][][][][] [] [][][][][][][] []
 []

[297] [298

]

LaTeX Warning: Citation `butenhof' on page 299 undefined on input line 1758.

[299] [300]
Overfull \hbox (3.00354pt too wide) in paragraph at lines 1847--1848
[][][][][][][][][][][][][][][][][][][] 
 []

[301

] [302

] [303] [304

]
No file book.bbl.
[305] [306

]
Appendix A.
[307]
Overfull \hbox (3.00354pt too wide) in paragraph at lines 1964--1965
[][][][][][][][][][][][][][][][][][][][][][][] 
 []


Overfull \hbox (15.00366pt too wide) in paragraph at lines 1982--1983
[][][][][][][][][][][][][][][][][][][][][][][] 
 []

[308] [309]
Overfull \hbox (15.00366pt too wide) in paragraph at lines 2015--2016
[][][][][][][][][][][][][][][][][][][][][][][] 
 []


Overfull \hbox (15.00366pt too wide) in paragraph at lines 2047--2048
[][][][][][][][][][][][][][][][][][][][][][][] 
 []

[310] [311] [312

]
Appendix B.

Overfull \hbox (5.74783pt too wide) in paragraph at lines 2095--2100
[]\TU/lmr/m/n/10 Probably the most popular threading standard used with C is PO
SIX Threads,
 []

[313]
Overfull \hbox (15.00366pt too wide) in paragraph at lines 2172--2173
[][][][][][][][][][][][][][][][][][][][][][][][][][][] 
 []

[314] [315] [316]
Overfull \hbox (3.624pt too wide) in paragraph at lines 2312--2315
\TU/lmr/m/n/10 allocates space for a Semaphore, initializes it, and returns a p
ointer to \TU/lmtt/m/n/10 Semaphore\TU/lmr/m/n/10 . 
 []

Package atveryend Info: Empty hook `BeforeClearDocument' on input line 2342.
[317]
Package atveryend Info: Empty hook `AfterLastShipout' on input line 2342.
 (build/book.aux)
Package atveryend Info: Empty hook `AtVeryEndDocument' on input line 2342.
Package atveryend Info: Executing hook `AtEndAfterFileList' on input line 2342.

Package rerunfilecheck Info: File `book.out' has not changed.
(rerunfilecheck)             Checksum: .


LaTeX Warning: There were undefined references.


LaTeX Warning: There were multiply-defined labels.

Package atveryend Info: Empty hook `AtVeryVeryEnd' on input line 2342.
 ) ) 
Here is how much of TeX's memory you used:
 9539 strings out of 492912
 134585 string characters out of 6134893
 252199 words of memory out of 5000000
 13500 multiletter control sequences out of 15000+600000
 7801 words of font info for 46 fonts, out of 8000000 for 9000
 1348 hyphenation exceptions out of 8191
 33i,13n,45p,220b,1663s stack positions out of 5000i,500n,10000p,200000b,80000s

Output written on build/book.pdf (329 pages).
